[16:37:15] [main/INFO]: Setting user: Player562
[16:37:22] [Client thread/INFO]: LWJGL Version: 2.9.1
[16:37:48] [Client thread/INFO]: Reloading ResourceManager: Default, FMLFileResourcePack:Forge Mod Loader, FMLFileResourcePack:Minecraft Forge, FMLFileResourcePack:EpidemicCraft
[16:37:55] [Sound Library Loader/INFO]: Sound engine started
[16:38:20] [Client thread/INFO]: Created: 512x256 textures/blocks-atlas
[16:38:23] [Client thread/INFO]: Created: 256x256 textures/items-atlas
[16:38:27] [Client thread/INFO]: Reloading ResourceManager: Default, FMLFileResourcePack:Forge Mod Loader, FMLFileResourcePack:Minecraft Forge, FMLFileResourcePack:EpidemicCraft
[16:38:29] [Client thread/INFO]: Created: 512x256 textures/items-atlas
[16:38:31] [Client thread/INFO]: Created: 512x256 textures/blocks-atlas
[16:38:33] [Sound Library Loader/INFO]: Sound engine started
[16:39:17] [Server thread/INFO]: Starting integrated minecraft server version 1.7.10
[16:39:17] [Server thread/INFO]: Generating keypair
[16:39:19] [Server thread/INFO]: Preparing start region for level 0
[16:39:20] [Server thread/INFO]: Preparing spawn area: 0%
[16:39:21] [Server thread/INFO]: Preparing spawn area: 21%
[16:39:23] [Server thread/INFO]: Changing view distance to 5, from 10
[16:39:24] [Server thread/INFO]: Player562[local:E:2266d1cd] logged in with entity id 171 at (562.446743703339, 4.0, -400.26683580994137)
[16:39:24] [Server thread/INFO]: Player562 joined the game
[16:39:26] [Client thread/INFO]: [CHAT] Welcome to EpidemicCraft, Player562! If you downloaded this mod from anywhere other than Minecraft Forums, you may be at risk for a virus since I don't use any other download websites!
[16:39:27] [Server thread/INFO]: Saving and pausing game...
[16:39:27] [Server thread/INFO]: Saving chunks for level 'New World 2'/Overworld
[16:39:28] [Server thread/INFO]: Saving chunks for level 'New World 2'/Nether
[16:39:28] [Server thread/INFO]: Saving chunks for level 'New World 2'/The End
[16:39:28] [Server thread/WARN]: Can't keep up! Did the system time change, or is the server overloaded? Running 4891ms behind, skipping 97 tick(s)
[16:40:12] [Server thread/INFO]: Player562 has just earned the achievement [Taking Inventory]
[16:40:12] [Client thread/INFO]: [CHAT] Player562 has just earned the achievement [Taking Inventory]
[16:40:14] [Server thread/WARN]: Can't keep up! Did the system time change, or is the server overloaded? Running 2358ms behind, skipping 47 tick(s)
[16:46:38] [Server thread/WARN]: Can't keep up! Did the system time change, or is the server overloaded? Running 2016ms behind, skipping 40 tick(s)
[16:47:46] [Server thread/WARN]: Can't keep up! Did the system time change, or is the server overloaded? Running 3441ms behind, skipping 68 tick(s)
[16:48:19] [Server thread/WARN]: Can't keep up! Did the system time change, or is the server overloaded? Running 13445ms behind, skipping 268 tick(s)
[16:48:56] [Server thread/WARN]: Can't keep up! Did the system time change, or is the server overloaded? Running 3709ms behind, skipping 74 tick(s)
[16:49:25] [Server thread/INFO]: Saving and pausing game...
[16:49:25] [Server thread/INFO]: Saving chunks for level 'New World 2'/Overworld
[16:49:25] [Server thread/INFO]: Saving chunks for level 'New World 2'/Nether
[16:49:25] [Server thread/INFO]: Saving chunks for level 'New World 2'/The End
[16:49:28] [Client thread/INFO]: Started on 60583
[16:49:28] [Client thread/INFO]: [CHAT] Local game hosted on port 60583
[16:49:36] [Server thread/WARN]: Can't keep up! Did the system time change, or is the server overloaded? Running 2843ms behind, skipping 56 tick(s)
[16:49:36] [User Authenticator #1/INFO]: UUID of player SchrodingersSpy is 3fdc5d14-81b5-4058-bb40-255bbfe3c0ac
[16:49:37] [Server thread/INFO]: SchrodingersSpy[/192.168.1.9:60584] logged in with entity id 1939495 at (562.6327352892649, 4.0, -402.0322752788736)
[16:49:37] [Server thread/INFO]: SchrodingersSpy joined the game
[16:49:37] [Client thread/INFO]: [CHAT] SchrodingersSpy joined the game
[16:49:58] [Server thread/INFO]: [Player562: Cleared the inventory of Player562, removing 4 items]
[16:49:58] [Client thread/INFO]: [CHAT] Cleared the inventory of Player562, removing 4 items
[16:50:15] [Server thread/INFO]: [Player562: Set own game mode to Survival Mode]
[16:50:15] [Client thread/INFO]: [CHAT] Your game mode has been updated
[16:50:22] [Server thread/INFO]: [Player562: Set own game mode to Creative Mode]
[16:50:23] [Client thread/INFO]: [CHAT] Your game mode has been updated
[16:50:47] [Server thread/INFO]: [SchrodingersSpy: Given Influenza (ID 33) * 0 to SchrodingersSpy for 15 seconds]
[16:50:47] [Client thread/INFO]: [CHAT] [SchrodingersSpy: Given Influenza (ID 33) * 0 to SchrodingersSpy for 15 seconds]
[16:51:20] [Server thread/INFO]: [Player562: Set own game mode to Survival Mode]
[16:51:20] [Client thread/INFO]: [CHAT] Your game mode has been updated
[16:52:00] [Server thread/INFO]: [SchrodingersSpy: Given Influenza (ID 33) * 0 to SchrodingersSpy for 90 seconds]
[16:52:00] [Client thread/INFO]: [CHAT] [SchrodingersSpy: Given Influenza (ID 33) * 0 to SchrodingersSpy for 90 seconds]
[16:52:03] [Server thread/INFO]: [SchrodingersSpy: Given Meningitis (ID 34) * 0 to SchrodingersSpy for 90 seconds]
[16:52:03] [Client thread/INFO]: [CHAT] [SchrodingersSpy: Given Meningitis (ID 34) * 0 to SchrodingersSpy for 90 seconds]
[16:52:07] [Server thread/INFO]: [SchrodingersSpy: Given Chicken Pox (ID 35) * 0 to SchrodingersSpy for 90 seconds]
[16:52:07] [Client thread/INFO]: [CHAT] [SchrodingersSpy: Given Chicken Pox (ID 35) * 0 to SchrodingersSpy for 90 seconds]
[16:52:10] [Server thread/INFO]: [SchrodingersSpy: Given Polio (ID 36) * 0 to SchrodingersSpy for 90 seconds]
[16:52:10] [Client thread/INFO]: [CHAT] [SchrodingersSpy: Given Polio (ID 36) * 0 to SchrodingersSpy for 90 seconds]
[16:52:13] [Server thread/INFO]: [SchrodingersSpy: Given Rabies (ID 37) * 0 to SchrodingersSpy for 90 seconds]
[16:52:13] [Client thread/INFO]: [CHAT] [SchrodingersSpy: Given Rabies (ID 37) * 0 to SchrodingersSpy for 90 seconds]
[16:52:18] [Server thread/INFO]: [SchrodingersSpy: Given Salmonella (ID 38) * 0 to SchrodingersSpy for 90 seconds]
[16:52:18] [Client thread/INFO]: [CHAT] [SchrodingersSpy: Given Salmonella (ID 38) * 0 to SchrodingersSpy for 90 seconds]
[16:52:21] [Server thread/INFO]: [SchrodingersSpy: Given E-Coli (ID 39) * 0 to SchrodingersSpy for 90 seconds]
[16:52:21] [Client thread/INFO]: [CHAT] [SchrodingersSpy: Given E-Coli (ID 39) * 0 to SchrodingersSpy for 90 seconds]
[16:52:25] [Server thread/INFO]: [SchrodingersSpy: Given Giardia (ID 40) * 0 to SchrodingersSpy for 90 seconds]
[16:52:25] [Client thread/INFO]: [CHAT] [SchrodingersSpy: Given Giardia (ID 40) * 0 to SchrodingersSpy for 90 seconds]
[16:55:41] [Server thread/INFO]: Player562 has just earned the achievement [Biohazard Protection]
[16:55:41] [Client thread/INFO]: [CHAT] Player562 has just earned the achievement [Biohazard Protection]
[16:55:53] [Server thread/INFO]: Stopping server
[16:55:53] [Server thread/INFO]: Saving players
[16:55:53] [Server thread/INFO]: Saving worlds
[16:55:53] [Server thread/INFO]: Saving chunks for level 'New World 2'/Overworld
[16:55:53] [Server thread/INFO]: Saving chunks for level 'New World 2'/Nether
[16:55:53] [Server thread/INFO]: Saving chunks for level 'New World 2'/The End
[16:55:55] [Client thread/INFO]: Stopping!
